<?xml version="1.0" encoding="UTF-8"?>
<!-- Generated by org.testng.reporters.JUnitXMLReporter -->
<testsuite hostname="RAKESH" ignored="0" name="Default test" tests="4" failures="0" timestamp="08 Dec 2020 14:04:33 GMT" time="2.508" errors="0">
  <testcase name="api_for_foreign_exchange" time="0.478" classname="eighthRestTest.StepDefination"/>
  <testcase name="posted_with_correct_information" time="1.718" classname="eighthRestTest.StepDefination"/>
  <testcase name="posted_with_correct_information" time="0.275" classname="eighthRestTest.StepDefination"/>
  <testcase name="validate_positive_response_code_received" time="0.003" classname="eighthRestTest.StepDefination"/>
</testsuite> <!-- Default test -->
